"blank"		"=========================="
"blank"		"#jaykin_keys_title"
"blank"		"=========================="
"changeteam" "#jaykin_changeteam"
"+dive"		"#jaykin_dive"
"+taunt"	"#jaykin_taunt"
"togglethirdperson"	"#jaykin_togglethird"
"voice_menu_1"	"#jaykin_radio"
"blank"		"=========================="
"blank"		"#Valve_Movement_Title"
"blank"		"=========================="
"+forward"	"#Valve_Move_Forward"
"+back"		"#Valve_Move_Back"
"+moveleft"	"#Valve_Move_Left"
"+moveright"	"#Valve_Move_Right"
"+jump"		"#Valve_Jump"
"+duck"		"#Valve_Duck"
"blank"		"=========================="
"blank"		"#Valve_Combat_Title"
"blank"		"=========================="
"+attack"	"#Valve_Primary_Attack"
"+attack2"	"#Valve_Secondary_Attack"
"+reload"	"#Valve_Reload_Weapon"
"slot1"		"#Valve_Weapon_Category_1"
"slot2"		"#Valve_Weapon_Category_2"
"slot3" 	"#Valve_Weapon_Category_3"
"slot4"		"#Valve_Weapon_Category_4"
"slot5"		"#Valve_Weapon_Category_5"
"slot6"		"#Valve_Weapon_Category_6"
"slot7"		"#Valve_Weapon_Category_7"
"slot8"		"#Valve_Weapon_Category_8"
"slot9"		"#Valve_Weapon_Category_9"
"invnext"	"#Valve_Next_Weapon"
"invprev"	"#Valve_Previous_Weapon"
"lastinv"	"#Valve_Last_Weapon_Used"
"blank"		"=========================="
"blank"		"#Valve_Communication_Title"
"blank"		"=========================="
"+voicerecord"	"#Valve_Use_Voice_Communication"
"messagemode"	"#Valve_Chat_Message"
"messagemode2"	"#Valve_Team_Message"
"blank"		"=========================="
"blank"		"#Valve_Miscellaneous_Title"
"blank"		"=========================="
"+showscores"	"#Valve_Display_Scores"
"+use"		"#Valve_Use_Items"
"impulse 100"	"#Valve_Flashlight"
"impulse 201"	"#Valve_Spray_Logo"
"jpeg"		"#Valve_Take_Screen_Shot"
"quit"		"#Valve_Quit_Game"

